生成启动时间为 19/3/23 下午8:37:57。
     1>项目“C:\文本分类\文本分类\文本分类.vcxproj”在节点 2 上(Build 个目标)。
     1>ClCompile:
         C:\Microsoft Visual Studio 14.0\VC\bin\CL.exe /c /I"C:\文本分类\cppjieba\include" /ZI /nologo /W3 /WX- /Od /Oy- /D WIN32 /D _DEBUG /D _CONSOLE /D _UNICODE /D UNICODE /Gm /EHsc /RTC1 /MDd /GS /fp:precise /Zc:wchar_t /Zc:forScope /Zc:inline /Fo"Debug\\" /Fd"Debug\vc140.pdb" /Gd /TP /analyze- /errorReport:prompt TextSimilarity.cpp "源.cpp"
         源.cpp
     1>c:\文本分类\cppjieba\include\cppjieba\limonp\logging.hpp(46): warning C4996: 'localtime': This function or variable may be unsafe. Consider using localtime_s instead. To disable deprecation, use _CRT_SECURE_NO_WARNINGS. See online help for details.
         c:\program files (x86)\windows kits\10\include\10.0.10150.0\ucrt\time.h(505): note: 参见“localtime”的声明
     1>c:\文本分类\cppjieba\include\cppjieba\limonp\stringutil.hpp(83): warning C4800: “int”: 将值强制为布尔值“true”或“false”(性能警告)
     1>c:\文本分类\cppjieba\include\cppjieba\limonp\stringutil.hpp(353): warning C4996: 'localtime': This function or variable may be unsafe. Consider using localtime_s instead. To disable deprecation, use _CRT_SECURE_NO_WARNINGS. See online help for details.
         c:\program files (x86)\windows kits\10\include\10.0.10150.0\ucrt\time.h(505): note: 参见“localtime”的声明
         TextSimilarity.cpp
     1>c:\文本分类\cppjieba\include\cppjieba\limonp\logging.hpp(46): warning C4996: 'localtime': This function or variable may be unsafe. Consider using localtime_s instead. To disable deprecation, use _CRT_SECURE_NO_WARNINGS. See online help for details.
         c:\program files (x86)\windows kits\10\include\10.0.10150.0\ucrt\time.h(505): note: 参见“localtime”的声明
     1>c:\文本分类\cppjieba\include\cppjieba\limonp\stringutil.hpp(83): warning C4800: “int”: 将值强制为布尔值“true”或“false”(性能警告)
     1>c:\文本分类\cppjieba\include\cppjieba\limonp\stringutil.hpp(353): warning C4996: 'localtime': This function or variable may be unsafe. Consider using localtime_s instead. To disable deprecation, use _CRT_SECURE_NO_WARNINGS. See online help for details.
         c:\program files (x86)\windows kits\10\include\10.0.10150.0\ucrt\time.h(505): note: 参见“localtime”的声明
     1>c:\文本分类\文本分类\textsimilarity.cpp(100): warning C4018: “>=”: 有符号/无符号不匹配
         正在生成代码...
       Link:
         C:\Microsoft Visual Studio 14.0\VC\bin\link.exe /ERRORREPORT:PROMPT /OUT:"C:\文本分类\Debug\文本分类.exe" /INCREMENTAL /NOLOGO kernel32.lib user32.lib gdi32.lib winspool.lib comdlg32.lib advapi32.lib shell32.lib ole32.lib oleaut32.lib uuid.lib odbc32.lib odbccp32.lib /MANIFEST /MANIFESTUAC:"level='asInvoker' uiAccess='false'" /manifest:embed /Debug /PDB:"C:\文本分类\Debug\文本分类.pdb" /SUBSYSTEM:CONSOLE /TLBID:1 /DYNAMICBASE /NXCOMPAT /IMPLIB:"C:\文本分类\Debug\文本分类.lib" /MACHINE:X86 Debug\TextSimilarity.obj
         "Debug\源.obj"
         文本分类.vcxproj -> C:\文本分类\Debug\文本分类.exe
     1>已完成生成项目“C:\文本分类\文本分类\文本分类.vcxproj”(Build 个目标)的操作。

已成功生成。

已用时间 00:00:12.60
